  Arbusto.cpp
  Arbusto_de_Espinhos.cpp
  Entidade.cpp
  Fase.cpp
C:\Projects\2022\Jogo_Tec_Prog\PlagueKnight\PlagueKnight\Fase.cpp(33,46): warning C4244: 'argumento': conversão de 'float' para 'int', possível perda de dados
  Fase_A.cpp
C:\Projects\2022\Jogo_Tec_Prog\PlagueKnight\PlagueKnight\Fase_A.cpp(47,81): warning C4244: 'argumento': conversão de 'T' para 'float', possível perda de dados
          with
          [
              T=unsigned int
          ]
C:\Projects\2022\Jogo_Tec_Prog\PlagueKnight\PlagueKnight\Fase_A.cpp(47,56): warning C4244: 'argumento': conversão de 'int' para 'float', possível perda de dados
C:\Projects\2022\Jogo_Tec_Prog\PlagueKnight\PlagueKnight\Fase_A.cpp(53,81): warning C4244: 'argumento': conversão de 'T' para 'float', possível perda de dados
          with
          [
              T=unsigned int
          ]
C:\Projects\2022\Jogo_Tec_Prog\PlagueKnight\PlagueKnight\Fase_A.cpp(53,56): warning C4244: 'argumento': conversão de 'int' para 'float', possível perda de dados
C:\Projects\2022\Jogo_Tec_Prog\PlagueKnight\PlagueKnight\Fase_A.cpp(58,107): warning C4244: 'argumento': conversão de 'T' para 'float', possível perda de dados
          with
          [
              T=unsigned int
          ]
C:\Projects\2022\Jogo_Tec_Prog\PlagueKnight\PlagueKnight\Fase_A.cpp(58,74): warning C4244: 'argumento': conversão de 'T' para 'float', possível perda de dados
          with
          [
              T=unsigned int
          ]
C:\Projects\2022\Jogo_Tec_Prog\PlagueKnight\PlagueKnight\Fase_A.cpp(64,113): warning C4244: 'argumento': conversão de 'T' para 'float', possível perda de dados
          with
          [
              T=unsigned int
          ]
C:\Projects\2022\Jogo_Tec_Prog\PlagueKnight\PlagueKnight\Fase_A.cpp(64,80): warning C4244: 'argumento': conversão de 'T' para 'float', possível perda de dados
          with
          [
              T=unsigned int
          ]
C:\Projects\2022\Jogo_Tec_Prog\PlagueKnight\PlagueKnight\Fase_A.cpp(70,81): warning C4244: 'argumento': conversão de 'T' para 'float', possível perda de dados
          with
          [
              T=unsigned int
          ]
C:\Projects\2022\Jogo_Tec_Prog\PlagueKnight\PlagueKnight\Fase_A.cpp(70,56): warning C4244: 'argumento': conversão de 'int' para 'float', possível perda de dados
C:\Projects\2022\Jogo_Tec_Prog\PlagueKnight\PlagueKnight\Fase_A.cpp(75,107): warning C4244: 'argumento': conversão de 'T' para 'float', possível perda de dados
          with
          [
              T=unsigned int
          ]
C:\Projects\2022\Jogo_Tec_Prog\PlagueKnight\PlagueKnight\Fase_A.cpp(75,74): warning C4244: 'argumento': conversão de 'T' para 'float', possível perda de dados
          with
          [
              T=unsigned int
          ]
C:\Projects\2022\Jogo_Tec_Prog\PlagueKnight\PlagueKnight\Fase_A.cpp(81,23): warning C4244: 'inicializando': conversão de 'time_t' para 'unsigned int', possível perda de dados
C:\Projects\2022\Jogo_Tec_Prog\PlagueKnight\PlagueKnight\Fase_A.cpp(91,92): warning C4244: 'argumento': conversão de 'T' para 'float', possível perda de dados
          with
          [
              T=unsigned int
          ]
C:\Projects\2022\Jogo_Tec_Prog\PlagueKnight\PlagueKnight\Fase_A.cpp(91,49): warning C4244: 'argumento': conversão de 'T' para 'float', possível perda de dados
          with
          [
              T=unsigned int
          ]
C:\Projects\2022\Jogo_Tec_Prog\PlagueKnight\PlagueKnight\Fase_A.cpp(96,76): warning C4244: 'argumento': conversão de 'T' para 'float', possível perda de dados
          with
          [
              T=unsigned int
          ]
C:\Projects\2022\Jogo_Tec_Prog\PlagueKnight\PlagueKnight\Fase_A.cpp(96,49): warning C4244: 'argumento': conversão de 'int' para 'float', possível perda de dados
C:\Projects\2022\Jogo_Tec_Prog\PlagueKnight\PlagueKnight\Fase_A.cpp(103,106): warning C4244: 'argumento': conversão de 'T' para 'float', possível perda de dados
          with
          [
              T=unsigned int
          ]
C:\Projects\2022\Jogo_Tec_Prog\PlagueKnight\PlagueKnight\Fase_A.cpp(103,68): warning C4244: 'argumento': conversão de 'T' para 'float', possível perda de dados
          with
          [
              T=unsigned int
          ]
C:\Projects\2022\Jogo_Tec_Prog\PlagueKnight\PlagueKnight\Fase_A.cpp(104,58): warning C4244: 'argumento': conversão de 'T' para 'float', possível perda de dados
          with
          [
              T=unsigned int
          ]
C:\Projects\2022\Jogo_Tec_Prog\PlagueKnight\PlagueKnight\Fase_A.cpp(110,92): warning C4244: 'argumento': conversão de 'T' para 'float', possível perda de dados
          with
          [
              T=unsigned int
          ]
C:\Projects\2022\Jogo_Tec_Prog\PlagueKnight\PlagueKnight\Fase_A.cpp(110,62): warning C4244: 'argumento': conversão de 'T' para 'float', possível perda de dados
          with
          [
              T=unsigned int
          ]
C:\Projects\2022\Jogo_Tec_Prog\PlagueKnight\PlagueKnight\Fase_A.cpp(111,84): warning C4244: 'argumento': conversão de 'T' para 'float', possível perda de dados
          with
          [
              T=unsigned int
          ]
C:\Projects\2022\Jogo_Tec_Prog\PlagueKnight\PlagueKnight\Fase_A.cpp(123,19): warning C4244: 'argumento': conversão de 'time_t' para 'unsigned int', possível perda de dados
C:\Projects\2022\Jogo_Tec_Prog\PlagueKnight\PlagueKnight\Fase_A.cpp(130,92): warning C4244: 'argumento': conversão de 'T' para 'float', possível perda de dados
          with
          [
              T=unsigned int
          ]
C:\Projects\2022\Jogo_Tec_Prog\PlagueKnight\PlagueKnight\Fase_A.cpp(130,49): warning C4244: 'argumento': conversão de 'T' para 'float', possível perda de dados
          with
          [
              T=unsigned int
          ]
C:\Projects\2022\Jogo_Tec_Prog\PlagueKnight\PlagueKnight\Fase_A.cpp(136,76): warning C4244: 'argumento': conversão de 'T' para 'float', possível perda de dados
          with
          [
              T=unsigned int
          ]
C:\Projects\2022\Jogo_Tec_Prog\PlagueKnight\PlagueKnight\Fase_A.cpp(143,98): warning C4244: 'argumento': conversão de 'T' para 'float', possível perda de dados
          with
          [
              T=unsigned int
          ]
C:\Projects\2022\Jogo_Tec_Prog\PlagueKnight\PlagueKnight\Fase_A.cpp(143,68): warning C4244: 'argumento': conversão de 'T' para 'float', possível perda de dados
          with
          [
              T=unsigned int
          ]
C:\Projects\2022\Jogo_Tec_Prog\PlagueKnight\PlagueKnight\Fase_A.cpp(144,58): warning C4244: 'argumento': conversão de 'T' para 'float', possível perda de dados
          with
          [
              T=unsigned int
          ]
C:\Projects\2022\Jogo_Tec_Prog\PlagueKnight\PlagueKnight\Fase_A.cpp(150,92): warning C4244: 'argumento': conversão de 'T' para 'float', possível perda de dados
          with
          [
              T=unsigned int
          ]
C:\Projects\2022\Jogo_Tec_Prog\PlagueKnight\PlagueKnight\Fase_A.cpp(150,62): warning C4244: 'argumento': conversão de 'T' para 'float', possível perda de dados
          with
          [
              T=unsigned int
          ]
C:\Projects\2022\Jogo_Tec_Prog\PlagueKnight\PlagueKnight\Fase_A.cpp(151,84): warning C4244: 'argumento': conversão de 'T' para 'float', possível perda de dados
          with
          [
              T=unsigned int
          ]
C:\Projects\2022\Jogo_Tec_Prog\PlagueKnight\PlagueKnight\Fase_A.cpp(189,19): warning C4244: 'argumento': conversão de 'time_t' para 'unsigned int', possível perda de dados
C:\Projects\2022\Jogo_Tec_Prog\PlagueKnight\PlagueKnight\Fase_A.cpp(191,134): warning C4244: 'argumento': conversão de 'T' para 'float', possível perda de dados
          with
          [
              T=unsigned int
          ]
  Fase_B.cpp
C:\Projects\2022\Jogo_Tec_Prog\PlagueKnight\PlagueKnight\Fase_B.cpp(44,72): warning C4244: 'argumento': conversão de 'T' para 'float', possível perda de dados
          with
          [
              T=unsigned int
          ]
C:\Projects\2022\Jogo_Tec_Prog\PlagueKnight\PlagueKnight\Fase_B.cpp(44,47): warning C4244: 'argumento': conversão de 'int' para 'float', possível perda de dados
C:\Projects\2022\Jogo_Tec_Prog\PlagueKnight\PlagueKnight\Fase_B.cpp(52,17): warning C4244: 'inicializando': conversão de 'time_t' para 'unsigned int', possível perda de dados
C:\Projects\2022\Jogo_Tec_Prog\PlagueKnight\PlagueKnight\Fase_B.cpp(60,79): warning C4244: 'argumento': conversão de 'T' para 'float', possível perda de dados
          with
          [
              T=unsigned int
          ]
C:\Projects\2022\Jogo_Tec_Prog\PlagueKnight\PlagueKnight\Fase_B.cpp(60,36): warning C4244: 'argumento': conversão de 'T' para 'float', possível perda de dados
          with
          [
              T=unsigned int
          ]
C:\Projects\2022\Jogo_Tec_Prog\PlagueKnight\PlagueKnight\Fase_B.cpp(61,47): warning C4244: 'argumento': conversão de 'T' para 'float', possível perda de dados
          with
          [
              T=unsigned int
          ]
C:\Projects\2022\Jogo_Tec_Prog\PlagueKnight\PlagueKnight\Fase_B.cpp(68,13): warning C4244: 'argumento': conversão de 'time_t' para 'unsigned int', possível perda de dados
C:\Projects\2022\Jogo_Tec_Prog\PlagueKnight\PlagueKnight\Fase_B.cpp(72,79): warning C4244: 'argumento': conversão de 'T' para 'float', possível perda de dados
          with
          [
              T=unsigned int
          ]
C:\Projects\2022\Jogo_Tec_Prog\PlagueKnight\PlagueKnight\Fase_B.cpp(72,36): warning C4244: 'argumento': conversão de 'T' para 'float', possível perda de dados
          with
          [
              T=unsigned int
          ]
C:\Projects\2022\Jogo_Tec_Prog\PlagueKnight\PlagueKnight\Fase_B.cpp(73,47): warning C4244: 'argumento': conversão de 'T' para 'float', possível perda de dados
          with
          [
              T=unsigned int
          ]
C:\Projects\2022\Jogo_Tec_Prog\PlagueKnight\PlagueKnight\Fase_B.cpp(127,13): warning C4244: 'argumento': conversão de 'time_t' para 'unsigned int', possível perda de dados
C:\Projects\2022\Jogo_Tec_Prog\PlagueKnight\PlagueKnight\Fase_B.cpp(129,85): warning C4244: 'argumento': conversão de 'T' para 'float', possível perda de dados
          with
          [
              T=unsigned int
          ]
C:\Projects\2022\Jogo_Tec_Prog\PlagueKnight\PlagueKnight\Fase_B.cpp(129,42): warning C4244: 'argumento': conversão de 'T' para 'float', possível perda de dados
          with
          [
              T=unsigned int
          ]
  Gerenciador_Colisoes.cpp
  Inimigo.cpp
  Inimigo_A.cpp
  Inimigo_B.cpp
  Inimigo_C.cpp
  Jogador.cpp
  Jogo.cpp
C:\Projects\2022\Jogo_Tec_Prog\PlagueKnight\PlagueKnight\Jogo.cpp(4,59): warning C4244: 'argumento': conversão de 'float' para 'unsigned int', possível perda de dados
C:\Projects\2022\Jogo_Tec_Prog\PlagueKnight\PlagueKnight\Jogo.cpp(4,31): warning C4244: 'argumento': conversão de 'float' para 'unsigned int', possível perda de dados
  ListaEntidades.cpp
  Obstaculo.cpp
  Personagem.cpp
  PlagueKnight.cpp
  Plataforma.cpp
  Projetil.cpp
  Gerando Código...
  PlagueKnight.vcxproj -> C:\Projects\2022\Jogo_Tec_Prog\PlagueKnight\x64\Debug\PlagueKnight.exe
